# JRE version: OpenJDK Runtime Environment Temurin-17.0.17+10 (17.0.17+10) (build 17.0.17+10)
# Java VM: OpenJDK 64-Bit Server VM Temurin-17.0.17+10 (17.0.17+10, mixed mode, sharing, tiered, compressed oops, compressed class ptrs, g1 gc, windows-amd64)
GC Precious Log:
 CPUs: 4 total, 4 available
 Memory: 3976M
 Large Page Support: Disabled
 NUMA Support: Disabled
 Compressed Oops: Enabled (32-bit)
 Heap Region Size: 1M
 Heap Min Capacity: 8M
 Heap Initial Capacity: 64M
 Heap Max Capacity: 996M
 Pre-touch: Disabled
 Parallel Workers: 4
 Concurrent Workers: 1
 Concurrent Refinement Workers: 4
 Periodic GC: Disabled
Heap:
 garbage-first heap   total 65536K, used 30020K [0x00000000c1c00000, 0x0000000100000000)
  region size 1024K, 11 young (11264K), 4 survivors (4096K)
 Metaspace       used 25079K, committed 25408K, reserved 1114112K
  class space    used 2932K, committed 3072K, reserved 1048576K
GC Heap History (16 events):
Event: 11.398 GC heap before
{Heap before GC invocations=0 (full 0):
 garbage-first heap   total 65536K, used 13312K [0x00000000c1c00000, 0x0000000100000000)
  region size 1024K, 13 young (13312K), 0 survivors (0K)
 Metaspace       used 3504K, committed 3712K, reserved 1114112K
  class space    used 372K, committed 448K, reserved 1048576K
}
Event: 11.404 GC heap after
{Heap after GC invocations=1 (full 0):
 garbage-first heap   total 65536K, used 3172K [0x00000000c1c00000, 0x0000000100000000)
  region size 1024K, 2 young (2048K), 2 survivors (2048K)
 Metaspace       used 3504K, committed 3712K, reserved 1114112K
  class space    used 372K, committed 448K, reserved 1048576K
}
Event: 12.638 GC heap before
{Heap before GC invocations=1 (full 0):
 garbage-first heap   total 65536K, used 14436K [0x00000000c1c00000, 0x0000000100000000)
  region size 1024K, 14 young (14336K), 2 survivors (2048K)
 Metaspace       used 5535K, committed 5696K, reserved 1114112K
  class space    used 671K, committed 768K, reserved 1048576K
}
Event: 12.642 GC heap after
{Heap after GC invocations=2 (full 0):
 garbage-first heap   total 65536K, used 3850K [0x00000000c1c00000, 0x0000000100000000)
  region size 1024K, 1 young (1024K), 1 survivors (1024K)
 Metaspace       used 5535K, committed 5696K, reserved 1114112K
  class space    used 671K, committed 768K, reserved 1048576K
}
Event: 14.088 GC heap before
{Heap before GC invocations=2 (full 0):
 garbage-first heap   total 65536K, used 28426K [0x00000000c1c00000, 0x0000000100000000)
  region size 1024K, 26 young (26624K), 1 survivors (1024K)
 Metaspace       used 8965K, committed 9152K, reserved 1114112K
  class space    used 1082K, committed 1152K, reserved 1048576K
}
Event: 14.093 GC heap after
{Heap after GC invocations=3 (full 0):
 garbage-first heap   total 65536K, used 4835K [0x00000000c1c00000, 0x0000000100000000)
  region size 1024K, 2 young (2048K), 2 survivors (2048K)
 Metaspace       used 8965K, committed 9152K, reserved 1114112K
  class space    used 1082K, committed 1152K, reserved 1048576K
}
Event: 25.563 GC heap before
{Heap before GC invocations=3 (full 0):
 garbage-first heap   total 65536K, used 41699K [0x00000000c1c00000, 0x0000000100000000)
  region size 1024K, 38 young (38912K), 2 survivors (2048K)
 Metaspace       used 14644K, committed 14848K, reserved 1114112K
  class space    used 1785K, committed 1856K, reserved 1048576K
}
Event: 25.578 GC heap after
{Heap after GC invocations=4 (full 0):
 garbage-first heap   total 65536K, used 8664K [0x00000000c1c00000, 0x0000000100000000)
  region size 1024K, 5 young (5120K), 5 survivors (5120K)
 Metaspace       used 14644K, committed 14848K, reserved 1114112K
  class space    used 1785K, committed 1856K, reserved 1048576K
}
Event: 43.496 GC heap before
{Heap before GC invocations=4 (full 0):
 garbage-first heap   total 65536K, used 42456K [0x00000000c1c00000, 0x0000000100000000)
  region size 1024K, 38 young (38912K), 5 survivors (5120K)
 Metaspace       used 15489K, committed 15680K, reserved 1114112K
  class space    used 1853K, committed 1920K, reserved 1048576K
}
Event: 43.517 GC heap after
{Heap after GC invocations=5 (full 0):
 garbage-first heap   total 65536K, used 12444K [0x00000000c1c00000, 0x0000000100000000)
  region size 1024K, 4 young (4096K), 4 survivors (4096K)
 Metaspace       used 15489K, committed 15680K, reserved 1114112K
  class space    used 1853K, committed 1920K, reserved 1048576K
}
Event: 80.119 GC heap before
{Heap before GC invocations=5 (full 0):
 garbage-first heap   total 65536K, used 45212K [0x00000000c1c00000, 0x0000000100000000)
  region size 1024K, 36 young (36864K), 4 survivors (4096K)
 Metaspace       used 16137K, committed 16320K, reserved 1114112K
  class space    used 1894K, committed 1984K, reserved 1048576K
}
Event: 80.127 GC heap after
{Heap after GC invocations=6 (full 0):
 garbage-first heap   total 65536K, used 13424K [0x00000000c1c00000, 0x0000000100000000)
  region size 1024K, 2 young (2048K), 2 survivors (2048K)
 Metaspace       used 16137K, committed 16320K, reserved 1114112K
  class space    used 1894K, committed 1984K, reserved 1048576K
}
Event: 94.389 GC heap before
{Heap before GC invocations=6 (full 0):
 garbage-first heap   total 65536K, used 50288K [0x00000000c1c00000, 0x0000000100000000)
  region size 1024K, 35 young (35840K), 2 survivors (2048K)
 Metaspace       used 19932K, committed 20288K, reserved 1114112K
  class space    used 2320K, committed 2496K, reserved 1048576K
}
Event: 94.398 GC heap after
{Heap after GC invocations=7 (full 0):
 garbage-first heap   total 65536K, used 17785K [0x00000000c1c00000, 0x0000000100000000)
  region size 1024K, 4 young (4096K), 4 survivors (4096K)
 Metaspace       used 19932K, committed 20288K, reserved 1114112K
  class space    used 2320K, committed 2496K, reserved 1048576K
}
Event: 95.441 GC heap before
{Heap before GC invocations=7 (full 0):
 garbage-first heap   total 65536K, used 27001K [0x00000000c1c00000, 0x0000000100000000)
  region size 1024K, 12 young (12288K), 4 survivors (4096K)
 Metaspace       used 21165K, committed 21504K, reserved 1114112K
  class space    used 2495K, committed 2624K, reserved 1048576K
}
Event: 95.453 GC heap after
{Heap after GC invocations=8 (full 0):
 garbage-first heap   total 65536K, used 22852K [0x00000000c1c00000, 0x0000000100000000)
  region size 1024K, 4 young (4096K), 4 survivors (4096K)
 Metaspace       used 21165K, committed 21504K, reserved 1114112K
  class space    used 2495K, committed 2624K, reserved 1048576K
}

