# JRE version: OpenJDK Runtime Environment Temurin-17.0.17+10 (17.0.17+10) (build 17.0.17+10)
# Java VM: OpenJDK 64-Bit Server VM Temurin-17.0.17+10 (17.0.17+10, mixed mode, sharing, tiered, compressed oops, compressed class ptrs, g1 gc, windows-amd64)
GC Precious Log:
 CPUs: 4 total, 4 available
 Memory: 3976M
 Large Page Support: Disabled
 NUMA Support: Disabled
 Compressed Oops: Enabled (32-bit)
 Heap Region Size: 1M
 Heap Min Capacity: 8M
 Heap Initial Capacity: 64M
 Heap Max Capacity: 996M
 Pre-touch: Disabled
 Parallel Workers: 4
 Concurrent Workers: 1
 Concurrent Refinement Workers: 4
 Periodic GC: Disabled
Heap:
 garbage-first heap   total 254976K, used 47850K [0x00000000c1c00000, 0x0000000100000000)
  region size 1024K, 5 young (5120K), 1 survivors (1024K)
 Metaspace       used 28097K, committed 28352K, reserved 1114112K
  class space    used 3289K, committed 3392K, reserved 1048576K
GC Heap History (20 events):
Event: 6.038 GC heap before
{Heap before GC invocations=5 (full 0):
 garbage-first heap   total 65536K, used 45403K [0x00000000c1c00000, 0x0000000100000000)
  region size 1024K, 36 young (36864K), 4 survivors (4096K)
 Metaspace       used 16000K, committed 16192K, reserved 1114112K
  class space    used 1877K, committed 1984K, reserved 1048576K
}
Event: 6.047 GC heap after
{Heap after GC invocations=6 (full 0):
 garbage-first heap   total 65536K, used 13781K [0x00000000c1c00000, 0x0000000100000000)
  region size 1024K, 2 young (2048K), 2 survivors (2048K)
 Metaspace       used 16000K, committed 16192K, reserved 1114112K
  class space    used 1877K, committed 1984K, reserved 1048576K
}
Event: 6.335 GC heap before
{Heap before GC invocations=6 (full 0):
 garbage-first heap   total 65536K, used 31189K [0x00000000c1c00000, 0x0000000100000000)
  region size 1024K, 12 young (12288K), 2 survivors (2048K)
 Metaspace       used 16951K, committed 17216K, reserved 1114112K
  class space    used 1991K, committed 2112K, reserved 1048576K
}
Event: 6.342 GC heap after
{Heap after GC invocations=7 (full 0):
 garbage-first heap   total 65536K, used 22643K [0x00000000c1c00000, 0x0000000100000000)
  region size 1024K, 3 young (3072K), 3 survivors (3072K)
 Metaspace       used 16951K, committed 17216K, reserved 1114112K
  class space    used 1991K, committed 2112K, reserved 1048576K
}
Event: 6.344 GC heap before
{Heap before GC invocations=7 (full 0):
 garbage-first heap   total 65536K, used 34931K [0x00000000c1c00000, 0x0000000100000000)
  region size 1024K, 4 young (4096K), 3 survivors (3072K)
 Metaspace       used 16951K, committed 17216K, reserved 1114112K
  class space    used 1991K, committed 2112K, reserved 1048576K
}
Event: 6.350 GC heap after
{Heap after GC invocations=8 (full 0):
 garbage-first heap   total 78848K, used 35112K [0x00000000c1c00000, 0x0000000100000000)
  region size 1024K, 2 young (2048K), 2 survivors (2048K)
 Metaspace       used 16951K, committed 17216K, reserved 1114112K
  class space    used 1991K, committed 2112K, reserved 1048576K
}
Event: 7.123 GC heap before
{Heap before GC invocations=8 (full 0):
 garbage-first heap   total 78848K, used 63784K [0x00000000c1c00000, 0x0000000100000000)
  region size 1024K, 19 young (19456K), 2 survivors (2048K)
 Metaspace       used 19457K, committed 19712K, reserved 1114112K
  class space    used 2271K, committed 2368K, reserved 1048576K
}
Event: 7.128 GC heap after
{Heap after GC invocations=9 (full 0):
 garbage-first heap   total 78848K, used 15309K [0x00000000c1c00000, 0x0000000100000000)
  region size 1024K, 2 young (2048K), 2 survivors (2048K)
 Metaspace       used 19457K, committed 19712K, reserved 1114112K
  class space    used 2271K, committed 2368K, reserved 1048576K
}
Event: 10.646 GC heap before
{Heap before GC invocations=9 (full 0):
 garbage-first heap   total 78848K, used 35789K [0x00000000c1c00000, 0x0000000100000000)
  region size 1024K, 17 young (17408K), 2 survivors (2048K)
 Metaspace       used 21247K, committed 21504K, reserved 1114112K
  class space    used 2503K, committed 2624K, reserved 1048576K
}
Event: 10.658 GC heap after
{Heap after GC invocations=10 (full 0):
 garbage-first heap   total 78848K, used 22842K [0x00000000c1c00000, 0x0000000100000000)
  region size 1024K, 6 young (6144K), 6 survivors (6144K)
 Metaspace       used 21247K, committed 21504K, reserved 1114112K
  class space    used 2503K, committed 2624K, reserved 1048576K
}
Event: 12.441 GC heap before
{Heap before GC invocations=11 (full 0):
 garbage-first heap   total 78848K, used 64826K [0x00000000c1c00000, 0x0000000100000000)
  region size 1024K, 43 young (44032K), 6 survivors (6144K)
 Metaspace       used 25192K, committed 25472K, reserved 1114112K
  class space    used 2948K, committed 3072K, reserved 1048576K
}
Event: 12.470 GC heap after
{Heap after GC invocations=12 (full 0):
 garbage-first heap   total 84992K, used 38799K [0x00000000c1c00000, 0x0000000100000000)
  region size 1024K, 6 young (6144K), 6 survivors (6144K)
 Metaspace       used 25192K, committed 25472K, reserved 1114112K
  class space    used 2948K, committed 3072K, reserved 1048576K
}
Event: 12.474 GC heap before
{Heap before GC invocations=12 (full 0):
 garbage-first heap   total 84992K, used 39823K [0x00000000c1c00000, 0x0000000100000000)
  region size 1024K, 7 young (7168K), 6 survivors (6144K)
 Metaspace       used 25192K, committed 25472K, reserved 1114112K
  class space    used 2948K, committed 3072K, reserved 1048576K
}
Event: 12.482 GC heap after
{Heap after GC invocations=13 (full 0):
 garbage-first heap   total 84992K, used 39274K [0x00000000c1c00000, 0x0000000100000000)
  region size 1024K, 1 young (1024K), 1 survivors (1024K)
 Metaspace       used 25192K, committed 25472K, reserved 1114112K
  class space    used 2948K, committed 3072K, reserved 1048576K
}
Event: 13.513 GC heap before
{Heap before GC invocations=13 (full 0):
 garbage-first heap   total 84992K, used 61802K [0x00000000c1c00000, 0x0000000100000000)
  region size 1024K, 24 young (24576K), 1 survivors (1024K)
 Metaspace       used 26518K, committed 26816K, reserved 1114112K
  class space    used 3077K, committed 3200K, reserved 1048576K
}
Event: 13.524 GC heap after
{Heap after GC invocations=14 (full 0):
 garbage-first heap   total 84992K, used 44032K [0x00000000c1c00000, 0x0000000100000000)
  region size 1024K, 3 young (3072K), 3 survivors (3072K)
 Metaspace       used 26518K, committed 26816K, reserved 1114112K
  class space    used 3077K, committed 3200K, reserved 1048576K
}
Event: 14.045 GC heap before
{Heap before GC invocations=15 (full 0):
 garbage-first heap   total 84992K, used 62464K [0x00000000c1c00000, 0x0000000100000000)
  region size 1024K, 22 young (22528K), 3 survivors (3072K)
 Metaspace       used 27388K, committed 27712K, reserved 1114112K
  class space    used 3200K, committed 3328K, reserved 1048576K
}
Event: 14.051 GC heap after
{Heap after GC invocations=16 (full 0):
 garbage-first heap   total 84992K, used 44969K [0x00000000c1c00000, 0x0000000100000000)
  region size 1024K, 1 young (1024K), 1 survivors (1024K)
 Metaspace       used 27388K, committed 27712K, reserved 1114112K
  class space    used 3200K, committed 3328K, reserved 1048576K
}
Event: 14.176 GC heap before
{Heap before GC invocations=16 (full 0):
 garbage-first heap   total 84992K, used 48041K [0x00000000c1c00000, 0x0000000100000000)
  region size 1024K, 4 young (4096K), 1 survivors (1024K)
 Metaspace       used 27579K, committed 27968K, reserved 1114112K
  class space    used 3221K, committed 3392K, reserved 1048576K
}
Event: 14.182 GC heap after
{Heap after GC invocations=17 (full 0):
 garbage-first heap   total 254976K, used 44778K [0x00000000c1c00000, 0x0000000100000000)
  region size 1024K, 1 young (1024K), 1 survivors (1024K)
 Metaspace       used 27579K, committed 27968K, reserved 1114112K
  class space    used 3221K, committed 3392K, reserved 1048576K
}

