# JRE version: OpenJDK Runtime Environment Temurin-17.0.17+10 (17.0.17+10) (build 17.0.17+10)
# Java VM: OpenJDK 64-Bit Server VM Temurin-17.0.17+10 (17.0.17+10, mixed mode, emulated-client, sharing, tiered, compressed oops, compressed class ptrs, g1 gc, windows-amd64)
GC Precious Log:
 CPUs: 4 total, 4 available
 Memory: 3976M
 Large Page Support: Disabled
 NUMA Support: Disabled
 Compressed Oops: Enabled (32-bit)
 Heap Region Size: 1M
 Heap Min Capacity: 8M
 Heap Initial Capacity: 64M
 Heap Max Capacity: 996M
 Pre-touch: Disabled
 Parallel Workers: 4
 Concurrent Workers: 1
 Concurrent Refinement Workers: 4
 Periodic GC: Disabled
Heap:
 garbage-first heap   total 116736K, used 33309K [0x00000000c1c00000, 0x0000000100000000)
  region size 1024K, 4 young (4096K), 3 survivors (3072K)
 Metaspace       used 66185K, committed 66816K, reserved 1114112K
  class space    used 9703K, committed 9984K, reserved 1048576K
GC Heap History (20 events):
Event: 7.937 GC heap before
{Heap before GC invocations=13 (full 0):
 garbage-first heap   total 58368K, used 25036K [0x00000000c1c00000, 0x0000000100000000)
  region size 1024K, 5 young (5120K), 4 survivors (4096K)
 Metaspace       used 41784K, committed 42240K, reserved 1114112K
  class space    used 6038K, committed 6272K, reserved 1048576K
}
Event: 7.943 GC heap after
{Heap after GC invocations=14 (full 0):
 garbage-first heap   total 58368K, used 24376K [0x00000000c1c00000, 0x0000000100000000)
  region size 1024K, 1 young (1024K), 1 survivors (1024K)
 Metaspace       used 41784K, committed 42240K, reserved 1114112K
  class space    used 6038K, committed 6272K, reserved 1048576K
}
Event: 8.512 GC heap before
{Heap before GC invocations=14 (full 0):
 garbage-first heap   total 58368K, used 43832K [0x00000000c1c00000, 0x0000000100000000)
  region size 1024K, 21 young (21504K), 1 survivors (1024K)
 Metaspace       used 45499K, committed 46016K, reserved 1114112K
  class space    used 6523K, committed 6784K, reserved 1048576K
}
Event: 8.515 GC heap after
{Heap after GC invocations=15 (full 0):
 garbage-first heap   total 58368K, used 24962K [0x00000000c1c00000, 0x0000000100000000)
  region size 1024K, 2 young (2048K), 2 survivors (2048K)
 Metaspace       used 45499K, committed 46016K, reserved 1114112K
  class space    used 6523K, committed 6784K, reserved 1048576K
}
Event: 9.025 GC heap before
{Heap before GC invocations=16 (full 0):
 garbage-first heap   total 58368K, used 44418K [0x00000000c1c00000, 0x0000000100000000)
  region size 1024K, 22 young (22528K), 2 survivors (2048K)
 Metaspace       used 50794K, committed 51328K, reserved 1114112K
  class space    used 7400K, committed 7680K, reserved 1048576K
}
Event: 9.029 GC heap after
{Heap after GC invocations=17 (full 0):
 garbage-first heap   total 58368K, used 25644K [0x00000000c1c00000, 0x0000000100000000)
  region size 1024K, 2 young (2048K), 2 survivors (2048K)
 Metaspace       used 50794K, committed 51328K, reserved 1114112K
  class space    used 7400K, committed 7680K, reserved 1048576K
}
Event: 9.048 GC heap before
{Heap before GC invocations=17 (full 0):
 garbage-first heap   total 58368K, used 26668K [0x00000000c1c00000, 0x0000000100000000)
  region size 1024K, 3 young (3072K), 2 survivors (2048K)
 Metaspace       used 51010K, committed 51520K, reserved 1114112K
  class space    used 7439K, committed 7680K, reserved 1048576K
}
Event: 9.053 GC heap after
{Heap after GC invocations=18 (full 0):
 garbage-first heap   total 58368K, used 25673K [0x00000000c1c00000, 0x0000000100000000)
  region size 1024K, 1 young (1024K), 1 survivors (1024K)
 Metaspace       used 51010K, committed 51520K, reserved 1114112K
  class space    used 7439K, committed 7680K, reserved 1048576K
}
Event: 9.462 GC heap before
{Heap before GC invocations=18 (full 0):
 garbage-first heap   total 58368K, used 46153K [0x00000000c1c00000, 0x0000000100000000)
  region size 1024K, 21 young (21504K), 1 survivors (1024K)
 Metaspace       used 53310K, committed 53888K, reserved 1114112K
  class space    used 7802K, committed 8064K, reserved 1048576K
}
Event: 9.464 GC heap after
{Heap after GC invocations=19 (full 0):
 garbage-first heap   total 58368K, used 25927K [0x00000000c1c00000, 0x0000000100000000)
  region size 1024K, 1 young (1024K), 1 survivors (1024K)
 Metaspace       used 53310K, committed 53888K, reserved 1114112K
  class space    used 7802K, committed 8064K, reserved 1048576K
}
Event: 10.286 GC heap before
{Heap before GC invocations=19 (full 0):
 garbage-first heap   total 58368K, used 47431K [0x00000000c1c00000, 0x0000000100000000)
  region size 1024K, 22 young (22528K), 1 survivors (1024K)
 Metaspace       used 57224K, committed 57792K, reserved 1114112K
  class space    used 8367K, committed 8640K, reserved 1048576K
}
Event: 10.291 GC heap after
{Heap after GC invocations=20 (full 0):
 garbage-first heap   total 58368K, used 27684K [0x00000000c1c00000, 0x0000000100000000)
  region size 1024K, 3 young (3072K), 3 survivors (3072K)
 Metaspace       used 57224K, committed 57792K, reserved 1114112K
  class space    used 8367K, committed 8640K, reserved 1048576K
}
Event: 10.749 GC heap before
{Heap before GC invocations=20 (full 0):
 garbage-first heap   total 58368K, used 47140K [0x00000000c1c00000, 0x0000000100000000)
  region size 1024K, 22 young (22528K), 3 survivors (3072K)
 Metaspace       used 60191K, committed 60736K, reserved 1114112K
  class space    used 8782K, committed 9024K, reserved 1048576K
}
Event: 10.755 GC heap after
{Heap after GC invocations=21 (full 0):
 garbage-first heap   total 58368K, used 29171K [0x00000000c1c00000, 0x0000000100000000)
  region size 1024K, 2 young (2048K), 2 survivors (2048K)
 Metaspace       used 60191K, committed 60736K, reserved 1114112K
  class space    used 8782K, committed 9024K, reserved 1048576K
}
Event: 11.137 GC heap before
{Heap before GC invocations=21 (full 0):
 garbage-first heap   total 58368K, used 47603K [0x00000000c1c00000, 0x0000000100000000)
  region size 1024K, 20 young (20480K), 2 survivors (2048K)
 Metaspace       used 62558K, committed 63104K, reserved 1114112K
  class space    used 9127K, committed 9344K, reserved 1048576K
}
Event: 11.142 GC heap after
{Heap after GC invocations=22 (full 0):
 garbage-first heap   total 58368K, used 30673K [0x00000000c1c00000, 0x0000000100000000)
  region size 1024K, 3 young (3072K), 3 survivors (3072K)
 Metaspace       used 62558K, committed 63104K, reserved 1114112K
  class space    used 9127K, committed 9344K, reserved 1048576K
}
Event: 11.519 GC heap before
{Heap before GC invocations=23 (full 0):
 garbage-first heap   total 58368K, used 48081K [0x00000000c1c00000, 0x0000000100000000)
  region size 1024K, 20 young (20480K), 3 survivors (3072K)
 Metaspace       used 63626K, committed 64192K, reserved 1114112K
  class space    used 9336K, committed 9600K, reserved 1048576K
}
Event: 11.526 GC heap after
{Heap after GC invocations=24 (full 0):
 garbage-first heap   total 58368K, used 32170K [0x00000000c1c00000, 0x0000000100000000)
  region size 1024K, 3 young (3072K), 3 survivors (3072K)
 Metaspace       used 63626K, committed 64192K, reserved 1114112K
  class space    used 9336K, committed 9600K, reserved 1048576K
}
Event: 47.153 GC heap before
{Heap before GC invocations=24 (full 0):
 garbage-first heap   total 58368K, used 47530K [0x00000000c1c00000, 0x0000000100000000)
  region size 1024K, 18 young (18432K), 3 survivors (3072K)
 Metaspace       used 66185K, committed 66816K, reserved 1114112K
  class space    used 9703K, committed 9984K, reserved 1048576K
}
Event: 47.160 GC heap after
{Heap after GC invocations=25 (full 0):
 garbage-first heap   total 116736K, used 33309K [0x00000000c1c00000, 0x0000000100000000)
  region size 1024K, 3 young (3072K), 3 survivors (3072K)
 Metaspace       used 66185K, committed 66816K, reserved 1114112K
  class space    used 9703K, committed 9984K, reserved 1048576K
}

