# JRE version: OpenJDK Runtime Environment Temurin-17.0.17+10 (17.0.17+10) (build 17.0.17+10)
# Java VM: OpenJDK 64-Bit Server VM Temurin-17.0.17+10 (17.0.17+10, mixed mode, sharing, tiered, compressed oops, compressed class ptrs, g1 gc, windows-amd64)
GC Precious Log:
 CPUs: 4 total, 4 available
 Memory: 3976M
 Large Page Support: Disabled
 NUMA Support: Disabled
 Compressed Oops: Enabled (32-bit)
 Heap Region Size: 1M
 Heap Min Capacity: 8M
 Heap Initial Capacity: 64M
 Heap Max Capacity: 996M
 Pre-touch: Disabled
 Parallel Workers: 4
 Concurrent Workers: 1
 Concurrent Refinement Workers: 4
 Periodic GC: Disabled
Heap:
 garbage-first heap   total 66560K, used 51004K [0x00000000c1c00000, 0x0000000100000000)
  region size 1024K, 30 young (30720K), 4 survivors (4096K)
 Metaspace       used 25580K, committed 25920K, reserved 1114112K
  class space    used 2979K, committed 3136K, reserved 1048576K
GC Heap History (17 events):
Event: 2.133 GC heap before
{Heap before GC invocations=0 (full 0):
 garbage-first heap   total 65536K, used 13312K [0x00000000c1c00000, 0x0000000100000000)
  region size 1024K, 13 young (13312K), 0 survivors (0K)
 Metaspace       used 3518K, committed 3712K, reserved 1114112K
  class space    used 372K, committed 448K, reserved 1048576K
}
Event: 2.140 GC heap after
{Heap after GC invocations=1 (full 0):
 garbage-first heap   total 65536K, used 3252K [0x00000000c1c00000, 0x0000000100000000)
  region size 1024K, 2 young (2048K), 2 survivors (2048K)
 Metaspace       used 3518K, committed 3712K, reserved 1114112K
  class space    used 372K, committed 448K, reserved 1048576K
}
Event: 2.886 GC heap before
{Heap before GC invocations=1 (full 0):
 garbage-first heap   total 65536K, used 14516K [0x00000000c1c00000, 0x0000000100000000)
  region size 1024K, 14 young (14336K), 2 survivors (2048K)
 Metaspace       used 5541K, committed 5760K, reserved 1114112K
  class space    used 672K, committed 768K, reserved 1048576K
}
Event: 2.892 GC heap after
{Heap after GC invocations=2 (full 0):
 garbage-first heap   total 65536K, used 3865K [0x00000000c1c00000, 0x0000000100000000)
  region size 1024K, 1 young (1024K), 1 survivors (1024K)
 Metaspace       used 5541K, committed 5760K, reserved 1114112K
  class space    used 672K, committed 768K, reserved 1048576K
}
Event: 3.726 GC heap before
{Heap before GC invocations=2 (full 0):
 garbage-first heap   total 65536K, used 28441K [0x00000000c1c00000, 0x0000000100000000)
  region size 1024K, 26 young (26624K), 1 survivors (1024K)
 Metaspace       used 8945K, committed 9088K, reserved 1114112K
  class space    used 1082K, committed 1152K, reserved 1048576K
}
Event: 3.730 GC heap after
{Heap after GC invocations=3 (full 0):
 garbage-first heap   total 65536K, used 4847K [0x00000000c1c00000, 0x0000000100000000)
  region size 1024K, 2 young (2048K), 2 survivors (2048K)
 Metaspace       used 8945K, committed 9088K, reserved 1114112K
  class space    used 1082K, committed 1152K, reserved 1048576K
}
Event: 7.328 GC heap before
{Heap before GC invocations=3 (full 0):
 garbage-first heap   total 65536K, used 41711K [0x00000000c1c00000, 0x0000000100000000)
  region size 1024K, 38 young (38912K), 2 survivors (2048K)
 Metaspace       used 14637K, committed 14848K, reserved 1114112K
  class space    used 1785K, committed 1856K, reserved 1048576K
}
Event: 7.340 GC heap after
{Heap after GC invocations=4 (full 0):
 garbage-first heap   total 65536K, used 8693K [0x00000000c1c00000, 0x0000000100000000)
  region size 1024K, 5 young (5120K), 5 survivors (5120K)
 Metaspace       used 14637K, committed 14848K, reserved 1114112K
  class space    used 1785K, committed 1856K, reserved 1048576K
}
Event: 13.259 GC heap before
{Heap before GC invocations=4 (full 0):
 garbage-first heap   total 65536K, used 42485K [0x00000000c1c00000, 0x0000000100000000)
  region size 1024K, 38 young (38912K), 5 survivors (5120K)
 Metaspace       used 15489K, committed 15680K, reserved 1114112K
  class space    used 1855K, committed 1920K, reserved 1048576K
}
Event: 13.279 GC heap after
{Heap after GC invocations=5 (full 0):
 garbage-first heap   total 65536K, used 12658K [0x00000000c1c00000, 0x0000000100000000)
  region size 1024K, 4 young (4096K), 4 survivors (4096K)
 Metaspace       used 15489K, committed 15680K, reserved 1114112K
  class space    used 1855K, committed 1920K, reserved 1048576K
}
Event: 16.547 GC heap before
{Heap before GC invocations=5 (full 0):
 garbage-first heap   total 65536K, used 45426K [0x00000000c1c00000, 0x0000000100000000)
  region size 1024K, 36 young (36864K), 4 survivors (4096K)
 Metaspace       used 16009K, committed 16192K, reserved 1114112K
  class space    used 1878K, committed 1984K, reserved 1048576K
}
Event: 16.555 GC heap after
{Heap after GC invocations=6 (full 0):
 garbage-first heap   total 65536K, used 13410K [0x00000000c1c00000, 0x0000000100000000)
  region size 1024K, 2 young (2048K), 2 survivors (2048K)
 Metaspace       used 16009K, committed 16192K, reserved 1114112K
  class space    used 1878K, committed 1984K, reserved 1048576K
}
Event: 20.058 GC heap before
{Heap before GC invocations=6 (full 0):
 garbage-first heap   total 65536K, used 48226K [0x00000000c1c00000, 0x0000000100000000)
  region size 1024K, 35 young (35840K), 2 survivors (2048K)
 Metaspace       used 19673K, committed 20032K, reserved 1114112K
  class space    used 2288K, committed 2432K, reserved 1048576K
}
Event: 20.066 GC heap after
{Heap after GC invocations=7 (full 0):
 garbage-first heap   total 65536K, used 15089K [0x00000000c1c00000, 0x0000000100000000)
  region size 1024K, 4 young (4096K), 4 survivors (4096K)
 Metaspace       used 19673K, committed 20032K, reserved 1114112K
  class space    used 2288K, committed 2432K, reserved 1048576K
}
Event: 20.566 GC heap before
{Heap before GC invocations=7 (full 0):
 garbage-first heap   total 65536K, used 27377K [0x00000000c1c00000, 0x0000000100000000)
  region size 1024K, 13 young (13312K), 4 survivors (4096K)
 Metaspace       used 21202K, committed 21504K, reserved 1114112K
  class space    used 2507K, committed 2688K, reserved 1048576K
}
Event: 20.575 GC heap after
{Heap after GC invocations=8 (full 0):
 garbage-first heap   total 65536K, used 22332K [0x00000000c1c00000, 0x0000000100000000)
  region size 1024K, 5 young (5120K), 5 survivors (5120K)
 Metaspace       used 21202K, committed 21504K, reserved 1114112K
  class space    used 2507K, committed 2688K, reserved 1048576K
}
Event: 22.093 GC heap before
{Heap before GC invocations=9 (full 0):
 garbage-first heap   total 65536K, used 49980K [0x00000000c1c00000, 0x0000000100000000)
  region size 1024K, 31 young (31744K), 5 survivors (5120K)
 Metaspace       used 25580K, committed 25920K, reserved 1114112K
  class space    used 2979K, committed 3136K, reserved 1048576K
}

